2022-08-30 15:04:49,038 INFO org.hibernate.validator.internal.util.Version [background-preinit] HV000001: Hibernate Validator 6.2.4.Final
2022-08-30 15:04:49,038 INFO org.springframework.boot.StartupInfoLogger [main] Starting AccountServiceApplication using Java 17.0.1 on DESKTOP-IIM3TR4 with PID 26200 (F:\Coding\Projects\LearningProjs\AccountService\build\classes\java\main started by bbbb2 in F:\Coding\Projects\LearningProjs\AccountService)
2022-08-30 15:04:49,040 INFO org.springframework.boot.SpringApplication [main] No active profile set, falling back to 1 default profile: "default"
2022-08-30 15:04:49,785 INFO org.springframework.data.repository.config.RepositoryConfigurationDelegate [main] Multiple Spring Data modules found, entering strict repository configuration mode
2022-08-30 15:04:49,786 INFO org.springframework.data.repository.config.RepositoryConfigurationDelegate [main] Bootstrapping Spring Data JDBC repositories in DEFAULT mode.
2022-08-30 15:04:49,812 INFO org.springframework.data.repository.config.RepositoryConfigurationExtensionSupport [main] Spring Data JDBC - Could not safely identify store assignment for repository candidate interface com.sergey.accountservice.persistencelayer.GroupRepository; If you want this repository to be a JDBC repository, consider annotating your entities with one of these annotations: org.springframework.data.relational.core.mapping.Table.
2022-08-30 15:04:49,815 INFO org.springframework.data.repository.config.RepositoryConfigurationExtensionSupport [main] Spring Data JDBC - Could not safely identify store assignment for repository candidate interface com.sergey.accountservice.persistencelayer.PaymentRepository; If you want this repository to be a JDBC repository, consider annotating your entities with one of these annotations: org.springframework.data.relational.core.mapping.Table.
2022-08-30 15:04:49,815 INFO org.springframework.data.repository.config.RepositoryConfigurationExtensionSupport [main] Spring Data JDBC - Could not safely identify store assignment for repository candidate interface com.sergey.accountservice.persistencelayer.UserRepository; If you want this repository to be a JDBC repository, consider annotating your entities with one of these annotations: org.springframework.data.relational.core.mapping.Table.
2022-08-30 15:04:49,816 INFO org.springframework.data.repository.config.RepositoryConfigurationDelegate [main] Finished Spring Data repository scanning in 26 ms. Found 0 JDBC repository interfaces.
2022-08-30 15:04:49,822 INFO org.springframework.data.repository.config.RepositoryConfigurationDelegate [main] Multiple Spring Data modules found, entering strict repository configuration mode
2022-08-30 15:04:49,822 INFO org.springframework.data.repository.config.RepositoryConfigurationDelegate [main] Bootstrapping Spring Data JPA repositories in DEFAULT mode.
2022-08-30 15:04:49,851 INFO org.springframework.data.repository.config.RepositoryConfigurationDelegate [main] Finished Spring Data repository scanning in 24 ms. Found 3 JPA repository interfaces.
2022-08-30 15:04:50,103 INFO org.springframework.context.support.PostProcessorRegistrationDelegate$BeanPostProcessorChecker [main] Bean 'methodSecurityConfig' of type [com.sergey.accountservice.security.MethodSecurityConfig$$EnhancerBySpringCGLIB$$e8078b47] is not eligible for getting processed by all BeanPostProcessors (for example: not eligible for auto-proxying)
2022-08-30 15:04:50,308 INFO org.springframework.boot.web.embedded.tomcat.TomcatWebServer [main] Tomcat initialized with port(s): 8080 (http)
2022-08-30 15:04:50,315 INFO org.apache.juli.logging.DirectJDKLog [main] Initializing ProtocolHandler ["http-nio-8080"]
2022-08-30 15:04:50,316 INFO org.apache.juli.logging.DirectJDKLog [main] Starting service [Tomcat]
2022-08-30 15:04:50,317 INFO org.apache.juli.logging.DirectJDKLog [main] Starting Servlet engine: [Apache Tomcat/9.0.65]
2022-08-30 15:04:50,444 INFO org.apache.juli.logging.DirectJDKLog [main] Initializing Spring embedded WebApplicationContext
2022-08-30 15:04:50,444 INFO org.springframework.boot.web.servlet.context.ServletWebServerApplicationContext [main] Root WebApplicationContext: initialization completed in 1362 ms
2022-08-30 15:04:50,574 INFO org.hibernate.jpa.internal.util.LogHelper [main] HHH000204: Processing PersistenceUnitInfo [name: default]
2022-08-30 15:04:50,621 INFO org.hibernate.Version [main] HHH000412: Hibernate ORM core version 5.6.10.Final
2022-08-30 15:04:50,730 INFO org.hibernate.annotations.common.reflection.java.JavaReflectionManager [main] HCANN000001: Hibernate Commons Annotations {5.1.2.Final}
2022-08-30 15:04:50,810 INFO com.zaxxer.hikari.HikariDataSource [main] HikariPool-1 - Starting...
2022-08-30 15:04:51,098 INFO com.zaxxer.hikari.HikariDataSource [main] HikariPool-1 - Start completed.
2022-08-30 15:04:51,109 INFO org.hibernate.dialect.Dialect [main] HHH000400: Using dialect: org.hibernate.dialect.MySQL5InnoDBDialect
2022-08-30 15:04:51,701 INFO org.hibernate.engine.transaction.jta.platform.internal.JtaPlatformInitiator [main] HHH000490: Using JtaPlatform implementation: [org.hibernate.engine.transaction.jta.platform.internal.NoJtaPlatform]
2022-08-30 15:04:51,707 INFO org.springframework.orm.jpa.AbstractEntityManagerFactoryBean [main] Initialized JPA EntityManagerFactory for persistence unit 'default'
2022-08-30 15:04:52,016 WARN org.hibernate.engine.jdbc.spi.SqlExceptionHelper [main] SQL Error: 1062, SQLState: 23000
2022-08-30 15:04:52,016 ERROR org.hibernate.engine.jdbc.spi.SqlExceptionHelper [main] Duplicate entry 'ROLE_ADMINISTRATOR' for key 'roles.UK_g50w4r0ru3g9uf6i6fr4kpro8'
2022-08-30 15:04:52,051 WARN org.springframework.boot.autoconfigure.orm.jpa.JpaBaseConfiguration$JpaWebConfiguration [main] spring.jpa.open-in-view is enabled by default. Therefore, database queries may be performed during view rendering. Explicitly configure spring.jpa.open-in-view to disable this warning
2022-08-30 15:04:52,325 INFO org.springframework.security.web.DefaultSecurityFilterChain [main] Will secure any request with [org.springframework.security.web.session.DisableEncodeUrlFilter@3bf41cd0, org.springframework.security.web.context.request.async.WebAsyncManagerIntegrationFilter@2748bd6c, org.springframework.security.web.context.SecurityContextPersistenceFilter@41f5389f, org.springframework.security.web.header.HeaderWriterFilter@5c0d3715, org.springframework.security.web.authentication.logout.LogoutFilter@48da5106, org.springframework.security.web.authentication.www.BasicAuthenticationFilter@4603c412, org.springframework.security.web.savedrequest.RequestCacheAwareFilter@396c1228, org.springframework.security.web.servletapi.SecurityContextHolderAwareRequestFilter@32f45e15, org.springframework.security.web.authentication.AnonymousAuthenticationFilter@64a4739, org.springframework.security.web.session.SessionManagementFilter@774189d0, org.springframework.security.web.access.ExceptionTranslationFilter@2119b989, org.springframework.security.web.access.intercept.FilterSecurityInterceptor@8dc3019]
2022-08-30 15:04:52,544 INFO org.apache.juli.logging.DirectJDKLog [main] Starting ProtocolHandler ["http-nio-8080"]
2022-08-30 15:04:52,559 INFO org.springframework.boot.web.embedded.tomcat.TomcatWebServer [main] Tomcat started on port(s): 8080 (http) with context path ''
2022-08-30 15:04:52,567 INFO org.springframework.boot.StartupInfoLogger [main] Started AccountServiceApplication in 3.934 seconds (JVM running for 4.518)
2022-08-30 15:08:05,490 INFO org.apache.juli.logging.DirectJDKLog [http-nio-8080-exec-3] Initializing Spring DispatcherServlet 'dispatcherServlet'
2022-08-30 15:08:05,491 INFO org.springframework.web.servlet.FrameworkServlet [http-nio-8080-exec-3] Initializing Servlet 'dispatcherServlet'
2022-08-30 15:08:05,492 INFO org.springframework.web.servlet.FrameworkServlet [http-nio-8080-exec-3] Completed initialization in 1 ms
2022-08-30 15:09:21,395 INFO org.springframework.orm.jpa.AbstractEntityManagerFactoryBean [SpringApplicationShutdownHook] Closing JPA EntityManagerFactory for persistence unit 'default'
2022-08-30 15:09:21,397 INFO com.zaxxer.hikari.HikariDataSource [SpringApplicationShutdownHook] HikariPool-1 - Shutdown initiated...
2022-08-30 15:09:21,405 INFO com.zaxxer.hikari.HikariDataSource [SpringApplicationShutdownHook] HikariPool-1 - Shutdown completed.
2022-08-30 15:09:24,273 INFO org.springframework.boot.StartupInfoLogger [main] Starting AccountServiceApplication using Java 17.0.1 on DESKTOP-IIM3TR4 with PID 25032 (F:\Coding\Projects\LearningProjs\AccountService\build\classes\java\main started by bbbb2 in F:\Coding\Projects\LearningProjs\AccountService)
2022-08-30 15:09:24,273 INFO org.hibernate.validator.internal.util.Version [background-preinit] HV000001: Hibernate Validator 6.2.4.Final
2022-08-30 15:09:24,275 INFO org.springframework.boot.SpringApplication [main] No active profile set, falling back to 1 default profile: "default"
2022-08-30 15:09:24,835 INFO org.springframework.data.repository.config.RepositoryConfigurationDelegate [main] Multiple Spring Data modules found, entering strict repository configuration mode
2022-08-30 15:09:24,835 INFO org.springframework.data.repository.config.RepositoryConfigurationDelegate [main] Bootstrapping Spring Data JDBC repositories in DEFAULT mode.
2022-08-30 15:09:24,858 INFO org.springframework.data.repository.config.RepositoryConfigurationExtensionSupport [main] Spring Data JDBC - Could not safely identify store assignment for repository candidate interface com.sergey.accountservice.persistencelayer.GroupRepository; If you want this repository to be a JDBC repository, consider annotating your entities with one of these annotations: org.springframework.data.relational.core.mapping.Table.
2022-08-30 15:09:24,860 INFO org.springframework.data.repository.config.RepositoryConfigurationExtensionSupport [main] Spring Data JDBC - Could not safely identify store assignment for repository candidate interface com.sergey.accountservice.persistencelayer.PaymentRepository; If you want this repository to be a JDBC repository, consider annotating your entities with one of these annotations: org.springframework.data.relational.core.mapping.Table.
2022-08-30 15:09:24,860 INFO org.springframework.data.repository.config.RepositoryConfigurationExtensionSupport [main] Spring Data JDBC - Could not safely identify store assignment for repository candidate interface com.sergey.accountservice.persistencelayer.UserRepository; If you want this repository to be a JDBC repository, consider annotating your entities with one of these annotations: org.springframework.data.relational.core.mapping.Table.
2022-08-30 15:09:24,861 INFO org.springframework.data.repository.config.RepositoryConfigurationDelegate [main] Finished Spring Data repository scanning in 22 ms. Found 0 JDBC repository interfaces.
2022-08-30 15:09:24,867 INFO org.springframework.data.repository.config.RepositoryConfigurationDelegate [main] Multiple Spring Data modules found, entering strict repository configuration mode
2022-08-30 15:09:24,867 INFO org.springframework.data.repository.config.RepositoryConfigurationDelegate [main] Bootstrapping Spring Data JPA repositories in DEFAULT mode.
2022-08-30 15:09:24,896 INFO org.springframework.data.repository.config.RepositoryConfigurationDelegate [main] Finished Spring Data repository scanning in 23 ms. Found 3 JPA repository interfaces.
2022-08-30 15:09:25,145 INFO org.springframework.context.support.PostProcessorRegistrationDelegate$BeanPostProcessorChecker [main] Bean 'methodSecurityConfig' of type [com.sergey.accountservice.security.MethodSecurityConfig$$EnhancerBySpringCGLIB$$a435f36a] is not eligible for getting processed by all BeanPostProcessors (for example: not eligible for auto-proxying)
2022-08-30 15:09:25,336 INFO org.springframework.boot.web.embedded.tomcat.TomcatWebServer [main] Tomcat initialized with port(s): 8080 (http)
2022-08-30 15:09:25,342 INFO org.apache.juli.logging.DirectJDKLog [main] Initializing ProtocolHandler ["http-nio-8080"]
2022-08-30 15:09:25,342 INFO org.apache.juli.logging.DirectJDKLog [main] Starting service [Tomcat]
2022-08-30 15:09:25,342 INFO org.apache.juli.logging.DirectJDKLog [main] Starting Servlet engine: [Apache Tomcat/9.0.65]
2022-08-30 15:09:25,455 INFO org.apache.juli.logging.DirectJDKLog [main] Initializing Spring embedded WebApplicationContext
2022-08-30 15:09:25,456 INFO org.springframework.boot.web.servlet.context.ServletWebServerApplicationContext [main] Root WebApplicationContext: initialization completed in 1143 ms
2022-08-30 15:09:25,560 INFO org.hibernate.jpa.internal.util.LogHelper [main] HHH000204: Processing PersistenceUnitInfo [name: default]
2022-08-30 15:09:25,592 INFO org.hibernate.Version [main] HHH000412: Hibernate ORM core version 5.6.10.Final
2022-08-30 15:09:25,685 INFO org.hibernate.annotations.common.reflection.java.JavaReflectionManager [main] HCANN000001: Hibernate Commons Annotations {5.1.2.Final}
2022-08-30 15:09:25,754 INFO com.zaxxer.hikari.HikariDataSource [main] HikariPool-1 - Starting...
2022-08-30 15:09:25,976 INFO com.zaxxer.hikari.HikariDataSource [main] HikariPool-1 - Start completed.
2022-08-30 15:09:25,985 INFO org.hibernate.dialect.Dialect [main] HHH000400: Using dialect: org.hibernate.dialect.MySQL5InnoDBDialect
2022-08-30 15:09:26,529 INFO org.hibernate.engine.transaction.jta.platform.internal.JtaPlatformInitiator [main] HHH000490: Using JtaPlatform implementation: [org.hibernate.engine.transaction.jta.platform.internal.NoJtaPlatform]
2022-08-30 15:09:26,535 INFO org.springframework.orm.jpa.AbstractEntityManagerFactoryBean [main] Initialized JPA EntityManagerFactory for persistence unit 'default'
2022-08-30 15:09:26,834 WARN org.hibernate.engine.jdbc.spi.SqlExceptionHelper [main] SQL Error: 1062, SQLState: 23000
2022-08-30 15:09:26,834 ERROR org.hibernate.engine.jdbc.spi.SqlExceptionHelper [main] Duplicate entry 'ROLE_ADMINISTRATOR' for key 'roles.UK_g50w4r0ru3g9uf6i6fr4kpro8'
2022-08-30 15:09:26,873 WARN org.springframework.boot.autoconfigure.orm.jpa.JpaBaseConfiguration$JpaWebConfiguration [main] spring.jpa.open-in-view is enabled by default. Therefore, database queries may be performed during view rendering. Explicitly configure spring.jpa.open-in-view to disable this warning
2022-08-30 15:09:27,141 INFO org.springframework.security.web.DefaultSecurityFilterChain [main] Will secure any request with [org.springframework.security.web.session.DisableEncodeUrlFilter@c79915a, org.springframework.security.web.context.request.async.WebAsyncManagerIntegrationFilter@6173863f, org.springframework.security.web.context.SecurityContextPersistenceFilter@5c0d3715, org.springframework.security.web.header.HeaderWriterFilter@222eda8a, org.springframework.security.web.authentication.logout.LogoutFilter@4fe3f9ef, org.springframework.security.web.authentication.www.BasicAuthenticationFilter@14d513ca, org.springframework.security.web.savedrequest.RequestCacheAwareFilter@31de8099, org.springframework.security.web.servletapi.SecurityContextHolderAwareRequestFilter@18918d70, org.springframework.security.web.authentication.AnonymousAuthenticationFilter@a08e41b, org.springframework.security.web.session.SessionManagementFilter@76eee0b1, org.springframework.security.web.access.ExceptionTranslationFilter@10b5ff4d, org.springframework.security.web.access.intercept.FilterSecurityInterceptor@43120a77]
2022-08-30 15:09:27,362 INFO org.apache.juli.logging.DirectJDKLog [main] Starting ProtocolHandler ["http-nio-8080"]
2022-08-30 15:09:27,379 INFO org.springframework.boot.web.embedded.tomcat.TomcatWebServer [main] Tomcat started on port(s): 8080 (http) with context path ''
2022-08-30 15:09:27,387 INFO org.springframework.boot.StartupInfoLogger [main] Started AccountServiceApplication in 3.491 seconds (JVM running for 4.123)
2022-08-30 15:09:34,145 INFO org.apache.juli.logging.DirectJDKLog [http-nio-8080-exec-1] Initializing Spring DispatcherServlet 'dispatcherServlet'
2022-08-30 15:09:34,146 INFO org.springframework.web.servlet.FrameworkServlet [http-nio-8080-exec-1] Initializing Servlet 'dispatcherServlet'
2022-08-30 15:09:34,146 INFO org.springframework.web.servlet.FrameworkServlet [http-nio-8080-exec-1] Completed initialization in 0 ms
2022-08-30 15:10:40,402 INFO org.springframework.orm.jpa.AbstractEntityManagerFactoryBean [SpringApplicationShutdownHook] Closing JPA EntityManagerFactory for persistence unit 'default'
2022-08-30 15:10:40,404 INFO com.zaxxer.hikari.HikariDataSource [SpringApplicationShutdownHook] HikariPool-1 - Shutdown initiated...
2022-08-30 15:10:40,409 INFO com.zaxxer.hikari.HikariDataSource [SpringApplicationShutdownHook] HikariPool-1 - Shutdown completed.
2022-08-30 15:10:45,155 INFO org.springframework.boot.StartupInfoLogger [main] Starting AccountServiceApplication using Java 17.0.1 on DESKTOP-IIM3TR4 with PID 15956 (F:\Coding\Projects\LearningProjs\AccountService\build\classes\java\main started by bbbb2 in F:\Coding\Projects\LearningProjs\AccountService)
2022-08-30 15:10:45,155 INFO org.hibernate.validator.internal.util.Version [background-preinit] HV000001: Hibernate Validator 6.2.4.Final
2022-08-30 15:10:45,159 INFO org.springframework.boot.SpringApplication [main] No active profile set, falling back to 1 default profile: "default"
2022-08-30 15:10:45,759 INFO org.springframework.data.repository.config.RepositoryConfigurationDelegate [main] Multiple Spring Data modules found, entering strict repository configuration mode
2022-08-30 15:10:45,760 INFO org.springframework.data.repository.config.RepositoryConfigurationDelegate [main] Bootstrapping Spring Data JDBC repositories in DEFAULT mode.
2022-08-30 15:10:45,784 INFO org.springframework.data.repository.config.RepositoryConfigurationExtensionSupport [main] Spring Data JDBC - Could not safely identify store assignment for repository candidate interface com.sergey.accountservice.persistencelayer.GroupRepository; If you want this repository to be a JDBC repository, consider annotating your entities with one of these annotations: org.springframework.data.relational.core.mapping.Table.
2022-08-30 15:10:45,786 INFO org.springframework.data.repository.config.RepositoryConfigurationExtensionSupport [main] Spring Data JDBC - Could not safely identify store assignment for repository candidate interface com.sergey.accountservice.persistencelayer.PaymentRepository; If you want this repository to be a JDBC repository, consider annotating your entities with one of these annotations: org.springframework.data.relational.core.mapping.Table.
2022-08-30 15:10:45,787 INFO org.springframework.data.repository.config.RepositoryConfigurationExtensionSupport [main] Spring Data JDBC - Could not safely identify store assignment for repository candidate interface com.sergey.accountservice.persistencelayer.UserRepository; If you want this repository to be a JDBC repository, consider annotating your entities with one of these annotations: org.springframework.data.relational.core.mapping.Table.
2022-08-30 15:10:45,787 INFO org.springframework.data.repository.config.RepositoryConfigurationDelegate [main] Finished Spring Data repository scanning in 24 ms. Found 0 JDBC repository interfaces.
2022-08-30 15:10:45,793 INFO org.springframework.data.repository.config.RepositoryConfigurationDelegate [main] Multiple Spring Data modules found, entering strict repository configuration mode
2022-08-30 15:10:45,793 INFO org.springframework.data.repository.config.RepositoryConfigurationDelegate [main] Bootstrapping Spring Data JPA repositories in DEFAULT mode.
2022-08-30 15:10:45,820 INFO org.springframework.data.repository.config.RepositoryConfigurationDelegate [main] Finished Spring Data repository scanning in 22 ms. Found 3 JPA repository interfaces.
2022-08-30 15:10:46,062 INFO org.springframework.context.support.PostProcessorRegistrationDelegate$BeanPostProcessorChecker [main] Bean 'methodSecurityConfig' of type [com.sergey.accountservice.security.MethodSecurityConfig$$EnhancerBySpringCGLIB$$f99eabd] is not eligible for getting processed by all BeanPostProcessors (for example: not eligible for auto-proxying)
2022-08-30 15:10:46,235 INFO org.springframework.boot.web.embedded.tomcat.TomcatWebServer [main] Tomcat initialized with port(s): 8080 (http)
2022-08-30 15:10:46,241 INFO org.apache.juli.logging.DirectJDKLog [main] Initializing ProtocolHandler ["http-nio-8080"]
2022-08-30 15:10:46,242 INFO org.apache.juli.logging.DirectJDKLog [main] Starting service [Tomcat]
2022-08-30 15:10:46,242 INFO org.apache.juli.logging.DirectJDKLog [main] Starting Servlet engine: [Apache Tomcat/9.0.65]
2022-08-30 15:10:46,387 INFO org.apache.juli.logging.DirectJDKLog [main] Initializing Spring embedded WebApplicationContext
2022-08-30 15:10:46,387 INFO org.springframework.boot.web.servlet.context.ServletWebServerApplicationContext [main] Root WebApplicationContext: initialization completed in 1155 ms
2022-08-30 15:10:46,495 INFO org.hibernate.jpa.internal.util.LogHelper [main] HHH000204: Processing PersistenceUnitInfo [name: default]
2022-08-30 15:10:46,526 INFO org.hibernate.Version [main] HHH000412: Hibernate ORM core version 5.6.10.Final
2022-08-30 15:10:46,627 INFO org.hibernate.annotations.common.reflection.java.JavaReflectionManager [main] HCANN000001: Hibernate Commons Annotations {5.1.2.Final}
2022-08-30 15:10:46,698 INFO com.zaxxer.hikari.HikariDataSource [main] HikariPool-1 - Starting...
2022-08-30 15:10:46,913 INFO com.zaxxer.hikari.HikariDataSource [main] HikariPool-1 - Start completed.
2022-08-30 15:10:46,925 INFO org.hibernate.dialect.Dialect [main] HHH000400: Using dialect: org.hibernate.dialect.MySQL5InnoDBDialect
2022-08-30 15:10:47,483 INFO org.hibernate.engine.transaction.jta.platform.internal.JtaPlatformInitiator [main] HHH000490: Using JtaPlatform implementation: [org.hibernate.engine.transaction.jta.platform.internal.NoJtaPlatform]
2022-08-30 15:10:47,489 INFO org.springframework.orm.jpa.AbstractEntityManagerFactoryBean [main] Initialized JPA EntityManagerFactory for persistence unit 'default'
2022-08-30 15:10:47,774 WARN org.springframework.boot.autoconfigure.orm.jpa.JpaBaseConfiguration$JpaWebConfiguration [main] spring.jpa.open-in-view is enabled by default. Therefore, database queries may be performed during view rendering. Explicitly configure spring.jpa.open-in-view to disable this warning
2022-08-30 15:10:48,040 INFO org.springframework.security.web.DefaultSecurityFilterChain [main] Will secure any request with [org.springframework.security.web.session.DisableEncodeUrlFilter@17d0d3d7, org.springframework.security.web.context.request.async.WebAsyncManagerIntegrationFilter@39fc17be, org.springframework.security.web.context.SecurityContextPersistenceFilter@c14bbab, org.springframework.security.web.header.HeaderWriterFilter@6e5b3642, org.springframework.security.web.authentication.logout.LogoutFilter@7267006e, org.springframework.security.web.authentication.www.BasicAuthenticationFilter@7164e28a, org.springframework.security.web.savedrequest.RequestCacheAwareFilter@4a0c04ab, org.springframework.security.web.servletapi.SecurityContextHolderAwareRequestFilter@7533923b, org.springframework.security.web.authentication.AnonymousAuthenticationFilter@106edde4, org.springframework.security.web.session.SessionManagementFilter@5b74bb75, org.springframework.security.web.access.ExceptionTranslationFilter@68f1b89, org.springframework.security.web.access.intercept.FilterSecurityInterceptor@74ee97cb]
2022-08-30 15:10:48,255 INFO org.apache.juli.logging.DirectJDKLog [main] Starting ProtocolHandler ["http-nio-8080"]
2022-08-30 15:10:48,273 INFO org.springframework.boot.web.embedded.tomcat.TomcatWebServer [main] Tomcat started on port(s): 8080 (http) with context path ''
2022-08-30 15:10:48,281 INFO org.springframework.boot.StartupInfoLogger [main] Started AccountServiceApplication in 3.593 seconds (JVM running for 4.196)
2022-08-30 15:14:01,761 INFO org.springframework.orm.jpa.AbstractEntityManagerFactoryBean [SpringApplicationShutdownHook] Closing JPA EntityManagerFactory for persistence unit 'default'
2022-08-30 15:14:01,763 INFO com.zaxxer.hikari.HikariDataSource [SpringApplicationShutdownHook] HikariPool-1 - Shutdown initiated...
2022-08-30 15:14:01,768 INFO com.zaxxer.hikari.HikariDataSource [SpringApplicationShutdownHook] HikariPool-1 - Shutdown completed.
2022-08-30 15:14:07,040 INFO org.springframework.boot.StartupInfoLogger [main] Starting AccountServiceApplication using Java 17.0.1 on DESKTOP-IIM3TR4 with PID 22632 (F:\Coding\Projects\LearningProjs\AccountService\build\classes\java\main started by bbbb2 in F:\Coding\Projects\LearningProjs\AccountService)
2022-08-30 15:14:07,038 INFO org.hibernate.validator.internal.util.Version [background-preinit] HV000001: Hibernate Validator 6.2.4.Final
2022-08-30 15:14:07,045 INFO org.springframework.boot.SpringApplication [main] No active profile set, falling back to 1 default profile: "default"
2022-08-30 15:14:08,001 INFO org.springframework.data.repository.config.RepositoryConfigurationDelegate [main] Multiple Spring Data modules found, entering strict repository configuration mode
2022-08-30 15:14:08,005 INFO org.springframework.data.repository.config.RepositoryConfigurationDelegate [main] Bootstrapping Spring Data JDBC repositories in DEFAULT mode.
2022-08-30 15:14:08,051 INFO org.springframework.data.repository.config.RepositoryConfigurationExtensionSupport [main] Spring Data JDBC - Could not safely identify store assignment for repository candidate interface com.sergey.accountservice.persistencelayer.GroupRepository; If you want this repository to be a JDBC repository, consider annotating your entities with one of these annotations: org.springframework.data.relational.core.mapping.Table.
2022-08-30 15:14:08,053 INFO org.springframework.data.repository.config.RepositoryConfigurationExtensionSupport [main] Spring Data JDBC - Could not safely identify store assignment for repository candidate interface com.sergey.accountservice.persistencelayer.PaymentRepository; If you want this repository to be a JDBC repository, consider annotating your entities with one of these annotations: org.springframework.data.relational.core.mapping.Table.
2022-08-30 15:14:08,055 INFO org.springframework.data.repository.config.RepositoryConfigurationExtensionSupport [main] Spring Data JDBC - Could not safely identify store assignment for repository candidate interface com.sergey.accountservice.persistencelayer.UserRepository; If you want this repository to be a JDBC repository, consider annotating your entities with one of these annotations: org.springframework.data.relational.core.mapping.Table.
2022-08-30 15:14:08,056 INFO org.springframework.data.repository.config.RepositoryConfigurationDelegate [main] Finished Spring Data repository scanning in 44 ms. Found 0 JDBC repository interfaces.
2022-08-30 15:14:08,065 INFO org.springframework.data.repository.config.RepositoryConfigurationDelegate [main] Multiple Spring Data modules found, entering strict repository configuration mode
2022-08-30 15:14:08,066 INFO org.springframework.data.repository.config.RepositoryConfigurationDelegate [main] Bootstrapping Spring Data JPA repositories in DEFAULT mode.
2022-08-30 15:14:08,109 INFO org.springframework.data.repository.config.RepositoryConfigurationDelegate [main] Finished Spring Data repository scanning in 37 ms. Found 3 JPA repository interfaces.
2022-08-30 15:14:08,580 INFO org.springframework.context.support.PostProcessorRegistrationDelegate$BeanPostProcessorChecker [main] Bean 'methodSecurityConfig' of type [com.sergey.accountservice.security.MethodSecurityConfig$$EnhancerBySpringCGLIB$$8dee7b76] is not eligible for getting processed by all BeanPostProcessors (for example: not eligible for auto-proxying)
2022-08-30 15:14:08,885 INFO org.springframework.boot.web.embedded.tomcat.TomcatWebServer [main] Tomcat initialized with port(s): 8080 (http)
2022-08-30 15:14:08,891 INFO org.apache.juli.logging.DirectJDKLog [main] Initializing ProtocolHandler ["http-nio-8080"]
2022-08-30 15:14:08,891 INFO org.apache.juli.logging.DirectJDKLog [main] Starting service [Tomcat]
2022-08-30 15:14:08,891 INFO org.apache.juli.logging.DirectJDKLog [main] Starting Servlet engine: [Apache Tomcat/9.0.65]
2022-08-30 15:14:08,998 INFO org.apache.juli.logging.DirectJDKLog [main] Initializing Spring embedded WebApplicationContext
2022-08-30 15:14:08,998 INFO org.springframework.boot.web.servlet.context.ServletWebServerApplicationContext [main] Root WebApplicationContext: initialization completed in 1896 ms
2022-08-30 15:14:09,118 INFO org.hibernate.jpa.internal.util.LogHelper [main] HHH000204: Processing PersistenceUnitInfo [name: default]
2022-08-30 15:14:09,152 INFO org.hibernate.Version [main] HHH000412: Hibernate ORM core version 5.6.10.Final
2022-08-30 15:14:09,244 INFO org.hibernate.annotations.common.reflection.java.JavaReflectionManager [main] HCANN000001: Hibernate Commons Annotations {5.1.2.Final}
2022-08-30 15:14:09,306 INFO com.zaxxer.hikari.HikariDataSource [main] HikariPool-1 - Starting...
2022-08-30 15:14:09,525 INFO com.zaxxer.hikari.HikariDataSource [main] HikariPool-1 - Start completed.
2022-08-30 15:14:09,535 INFO org.hibernate.dialect.Dialect [main] HHH000400: Using dialect: org.hibernate.dialect.MySQL5InnoDBDialect
2022-08-30 15:14:10,066 INFO org.hibernate.engine.transaction.jta.platform.internal.JtaPlatformInitiator [main] HHH000490: Using JtaPlatform implementation: [org.hibernate.engine.transaction.jta.platform.internal.NoJtaPlatform]
2022-08-30 15:14:10,072 INFO org.springframework.orm.jpa.AbstractEntityManagerFactoryBean [main] Initialized JPA EntityManagerFactory for persistence unit 'default'
2022-08-30 15:14:10,368 WARN org.hibernate.engine.jdbc.spi.SqlExceptionHelper [main] SQL Error: 1062, SQLState: 23000
2022-08-30 15:14:10,368 ERROR org.hibernate.engine.jdbc.spi.SqlExceptionHelper [main] Duplicate entry 'ROLE_ADMINISTRATOR' for key 'roles.UK_g50w4r0ru3g9uf6i6fr4kpro8'
2022-08-30 15:14:10,408 WARN org.springframework.boot.autoconfigure.orm.jpa.JpaBaseConfiguration$JpaWebConfiguration [main] spring.jpa.open-in-view is enabled by default. Therefore, database queries may be performed during view rendering. Explicitly configure spring.jpa.open-in-view to disable this warning
2022-08-30 15:14:10,663 INFO org.springframework.security.web.DefaultSecurityFilterChain [main] Will secure any request with [org.springframework.security.web.session.DisableEncodeUrlFilter@fa689db, org.springframework.security.web.context.request.async.WebAsyncManagerIntegrationFilter@75a6bd06, org.springframework.security.web.context.SecurityContextPersistenceFilter@4056cdb2, org.springframework.security.web.header.HeaderWriterFilter@76219fe, org.springframework.security.web.authentication.logout.LogoutFilter@5400db7e, org.springframework.security.web.authentication.www.BasicAuthenticationFilter@703eead0, org.springframework.security.web.savedrequest.RequestCacheAwareFilter@4c0ab04f, org.springframework.security.web.servletapi.SecurityContextHolderAwareRequestFilter@267b678f, org.springframework.security.web.authentication.AnonymousAuthenticationFilter@6b170692, org.springframework.security.web.session.SessionManagementFilter@15c3585, org.springframework.security.web.access.ExceptionTranslationFilter@72406594, org.springframework.security.web.access.intercept.FilterSecurityInterceptor@49770ef9]
2022-08-30 15:14:10,876 INFO org.apache.juli.logging.DirectJDKLog [main] Starting ProtocolHandler ["http-nio-8080"]
2022-08-30 15:14:10,890 INFO org.springframework.boot.web.embedded.tomcat.TomcatWebServer [main] Tomcat started on port(s): 8080 (http) with context path ''
2022-08-30 15:14:10,898 INFO org.springframework.boot.StartupInfoLogger [main] Started AccountServiceApplication in 4.509 seconds (JVM running for 5.143)
2022-08-30 15:33:36,720 INFO org.springframework.orm.jpa.AbstractEntityManagerFactoryBean [SpringApplicationShutdownHook] Closing JPA EntityManagerFactory for persistence unit 'default'
2022-08-30 15:33:36,722 INFO com.zaxxer.hikari.HikariDataSource [SpringApplicationShutdownHook] HikariPool-1 - Shutdown initiated...
2022-08-30 15:33:36,730 INFO com.zaxxer.hikari.HikariDataSource [SpringApplicationShutdownHook] HikariPool-1 - Shutdown completed.
